<?xml version="1.0" encoding="UTF-8"?>
<coverage generated="1526876004415" clover="3.2.0">
  <project timestamp="1526876004415" name="All files">
    <metrics statements="24" coveredstatements="24" conditionals="8" coveredconditionals="8" methods="3" coveredmethods="3" elements="35" coveredelements="35" complexity="0" loc="24" ncloc="24" packages="3" files="3" classes="3">
      <package name="array_binary_search.lib">
        <metrics statements="7" coveredstatements="7" conditionals="2" coveredconditionals="2" methods="1" coveredmethods="1"/>
        <file name="array_binary_search.js" path="/Users/brittanybolstad/codefellows/401/whiteboard/data-structures-and-algorithms/arrays/array_binary_search/lib/array_binary_search.js">
          <metrics statements="7" coveredstatements="7" conditionals="2" coveredconditionals="2" methods="1" coveredmethods="1"/>
          <line num="3" count="1" type="stmt"/>
          <line num="5" count="1" type="stmt"/>
          <line num="6" count="3" type="stmt"/>
          <line num="7" count="3" type="stmt"/>
          <line num="8" count="19" type="cond" truecount="2" falsecount="0"/>
          <line num="9" count="2" type="stmt"/>
          <line num="12" count="3" type="stmt"/>
        </file>
      </package>
      <package name="array_reverse.lib">
        <metrics statements="5" coveredstatements="5" conditionals="0" coveredconditionals="0" methods="1" coveredmethods="1"/>
        <file name="array_reverse.js" path="/Users/brittanybolstad/codefellows/401/whiteboard/data-structures-and-algorithms/arrays/array_reverse/lib/array_reverse.js">
          <metrics statements="5" coveredstatements="5" conditionals="0" coveredconditionals="0" methods="1" coveredmethods="1"/>
          <line num="3" count="1" type="stmt"/>
          <line num="4" count="1" type="stmt"/>
          <line num="5" count="6" type="stmt"/>
          <line num="7" count="1" type="stmt"/>
          <line num="10" count="1" type="stmt"/>
        </file>
      </package>
      <package name="array_shift.lib">
        <metrics statements="12" coveredstatements="12" conditionals="6" coveredconditionals="6" methods="1" coveredmethods="1"/>
        <file name="array_shift.js" path="/Users/brittanybolstad/codefellows/401/whiteboard/data-structures-and-algorithms/arrays/array_shift/lib/array_shift.js">
          <metrics statements="12" coveredstatements="12" conditionals="6" coveredconditionals="6" methods="1" coveredmethods="1"/>
          <line num="3" count="1" type="stmt"/>
          <line num="5" count="1" type="stmt"/>
          <line num="6" count="2" type="stmt"/>
          <line num="7" count="2" type="stmt"/>
          <line num="9" count="2" type="stmt"/>
          <line num="10" count="11" type="cond" truecount="2" falsecount="0"/>
          <line num="11" count="5" type="stmt"/>
          <line num="13" count="11" type="cond" truecount="2" falsecount="0"/>
          <line num="14" count="2" type="stmt"/>
          <line num="16" count="9" type="cond" truecount="2" falsecount="0"/>
          <line num="17" count="4" type="stmt"/>
          <line num="20" count="2" type="stmt"/>
        </file>
      </package>
    </metrics>
  </project>
</coverage>
