{"/Users/brittanybolstad/codefellows/401/whiteboard/data-structures-and-algorithms/arrays/array_binary_search/lib/array_binary_search.js": {"path":"/Users/brittanybolstad/codefellows/401/whiteboard/data-structures-and-algorithms/arrays/array_binary_search/lib/array_binary_search.js","statementMap":{"0":{"start":{"line":3,"column":0},"end":{"line":3,"column":30}},"1":{"start":{"line":5,"column":0},"end":{"line":13,"column":2}},"2":{"start":{"line":6,"column":17},"end":{"line":6,"column":19}},"3":{"start":{"line":7,"column":2},"end":{"line":11,"column":3}},"4":{"start":{"line":8,"column":4},"end":{"line":10,"column":5}},"5":{"start":{"line":9,"column":6},"end":{"line":9,"column":19}},"6":{"start":{"line":12,"column":2},"end":{"line":12,"column":18}}},"fnMap":{"0":{"name":"(anonymous_0)","decl":{"start":{"line":5,"column":22},"end":{"line":5,"column":23}},"loc":{"start":{"line":5,"column":36},"end":{"line":13,"column":1}},"line":5}},"branchMap":{"0":{"loc":{"start":{"line":8,"column":4},"end":{"line":10,"column":5}},"type":"if","locations":[{"start":{"line":8,"column":4},"end":{"line":10,"column":5}},{"start":{"line":8,"column":4},"end":{"line":10,"column":5}}],"line":8}},"s":{"0":1,"1":1,"2":3,"3":3,"4":19,"5":2,"6":3},"f":{"0":3},"b":{"0":[2,17]},"_coverageSchema":"332fd63041d2c1bcb487cc26dd0d5f7d97098a6c","hash":"08612b7bcf083b83a7fb2994a4078e0c29f71326"}
,"/Users/brittanybolstad/codefellows/401/whiteboard/data-structures-and-algorithms/arrays/array_reverse/lib/array_reverse.js": {"path":"/Users/brittanybolstad/codefellows/401/whiteboard/data-structures-and-algorithms/arrays/array_reverse/lib/array_reverse.js","statementMap":{"0":{"start":{"line":3,"column":15},"end":{"line":3,"column":24}},"1":{"start":{"line":4,"column":2},"end":{"line":6,"column":3}},"2":{"start":{"line":5,"column":4},"end":{"line":5,"column":26}},"3":{"start":{"line":7,"column":2},"end":{"line":7,"column":16}},"4":{"start":{"line":10,"column":0},"end":{"line":10,"column":30}}},"fnMap":{"0":{"name":"reverseArray","decl":{"start":{"line":2,"column":9},"end":{"line":2,"column":21}},"loc":{"start":{"line":2,"column":29},"end":{"line":8,"column":1}},"line":2}},"branchMap":{},"s":{"0":1,"1":1,"2":6,"3":1,"4":1},"f":{"0":1},"b":{},"_coverageSchema":"332fd63041d2c1bcb487cc26dd0d5f7d97098a6c","hash":"3fd2d805f4d1b31ccb3e2beee9796ac8aea6c8be"}
,"/Users/brittanybolstad/codefellows/401/whiteboard/data-structures-and-algorithms/arrays/array_shift/lib/array_shift.js": {"path":"/Users/brittanybolstad/codefellows/401/whiteboard/data-structures-and-algorithms/arrays/array_shift/lib/array_shift.js","statementMap":{"0":{"start":{"line":3,"column":0},"end":{"line":3,"column":30}},"1":{"start":{"line":5,"column":0},"end":{"line":21,"column":2}},"2":{"start":{"line":6,"column":15},"end":{"line":6,"column":17}},"3":{"start":{"line":7,"column":15},"end":{"line":7,"column":38}},"4":{"start":{"line":9,"column":2},"end":{"line":19,"column":3}},"5":{"start":{"line":10,"column":4},"end":{"line":12,"column":5}},"6":{"start":{"line":11,"column":6},"end":{"line":11,"column":25}},"7":{"start":{"line":13,"column":4},"end":{"line":18,"column":5}},"8":{"start":{"line":14,"column":6},"end":{"line":14,"column":22}},"9":{"start":{"line":16,"column":9},"end":{"line":18,"column":5}},"10":{"start":{"line":17,"column":6},"end":{"line":17,"column":29}},"11":{"start":{"line":20,"column":2},"end":{"line":20,"column":16}}},"fnMap":{"0":{"name":"(anonymous_0)","decl":{"start":{"line":5,"column":27},"end":{"line":5,"column":28}},"loc":{"start":{"line":5,"column":41},"end":{"line":21,"column":1}},"line":5}},"branchMap":{"0":{"loc":{"start":{"line":10,"column":4},"end":{"line":12,"column":5}},"type":"if","locations":[{"start":{"line":10,"column":4},"end":{"line":12,"column":5}},{"start":{"line":10,"column":4},"end":{"line":12,"column":5}}],"line":10},"1":{"loc":{"start":{"line":13,"column":4},"end":{"line":18,"column":5}},"type":"if","locations":[{"start":{"line":13,"column":4},"end":{"line":18,"column":5}},{"start":{"line":13,"column":4},"end":{"line":18,"column":5}}],"line":13},"2":{"loc":{"start":{"line":16,"column":9},"end":{"line":18,"column":5}},"type":"if","locations":[{"start":{"line":16,"column":9},"end":{"line":18,"column":5}},{"start":{"line":16,"column":9},"end":{"line":18,"column":5}}],"line":16}},"s":{"0":1,"1":1,"2":2,"3":2,"4":2,"5":11,"6":5,"7":11,"8":2,"9":9,"10":4,"11":2},"f":{"0":2},"b":{"0":[5,6],"1":[2,9],"2":[4,5]},"_coverageSchema":"332fd63041d2c1bcb487cc26dd0d5f7d97098a6c","hash":"2457f6059ff44ee4bcb0ca2e619a4bb1321c34ec"}
}
