TN:
SF:/Users/brittanybolstad/codefellows/401/whiteboard/data-structures-and-algorithms/arrays/array_reverse/lib/array_reverse.js
FN:2,reverseArray
FNF:1
FNH:1
FNDA:1,reverseArray
DA:3,1
DA:4,1
DA:5,6
DA:7,1
DA:10,1
LF:5
LH:5
BRF:0
BRH:0
end_of_record
TN:
SF:/Users/brittanybolstad/codefellows/401/whiteboard/data-structures-and-algorithms/arrays/array_shift/lib/array_shift.js
FN:5,(anonymous_0)
FNF:1
FNH:1
FNDA:2,(anonymous_0)
DA:3,1
DA:5,1
DA:6,2
DA:7,2
DA:9,2
DA:10,11
DA:11,5
DA:13,11
DA:14,2
DA:16,9
DA:17,4
DA:20,2
LF:12
LH:12
BRDA:10,0,0,5
BRDA:10,0,1,6
BRDA:13,1,0,2
BRDA:13,1,1,9
BRDA:16,2,0,4
BRDA:16,2,1,5
BRF:6
BRH:6
end_of_record
TN:
SF:/Users/brittanybolstad/codefellows/401/whiteboard/data-structures-and-algorithms/linked-lists/lab-5-linked-lists/lib/05-linked-list.js
FN:4,(anonymous_0)
FN:11,(anonymous_1)
FN:15,(anonymous_2)
FN:28,(anonymous_3)
FN:39,(anonymous_4)
FN:58,(anonymous_5)
FN:76,(anonymous_6)
FNF:7
FNH:7
FNDA:25,(anonymous_0)
FNDA:13,(anonymous_1)
FNDA:23,(anonymous_2)
FNDA:2,(anonymous_3)
FNDA:2,(anonymous_4)
FNDA:2,(anonymous_5)
FNDA:3,(anonymous_6)
DA:5,25
DA:6,25
DA:12,13
DA:16,23
DA:17,10
DA:19,13
DA:20,13
DA:21,9
DA:23,13
DA:29,2
DA:30,2
DA:31,1
DA:33,1
DA:34,1
DA:40,2
DA:41,1
DA:44,1
DA:45,1
DA:46,1
DA:47,2
DA:48,2
DA:49,2
DA:50,2
DA:52,1
DA:53,1
DA:59,2
DA:60,2
DA:61,2
DA:62,2
DA:63,2
DA:64,2
DA:65,2
DA:66,0
DA:67,2
DA:68,1
DA:70,1
DA:77,3
DA:78,3
DA:79,3
DA:80,1
DA:82,2
DA:83,1
DA:84,1
DA:86,2
DA:88,2
DA:92,1
LF:46
LH:45
BRDA:16,0,0,10
BRDA:16,0,1,13
BRDA:30,1,0,1
BRDA:30,1,1,1
BRDA:40,2,0,1
BRDA:40,2,1,1
BRDA:61,3,0,2
BRDA:61,3,1,0
BRDA:65,4,0,0
BRDA:65,4,1,2
BRDA:67,5,0,1
BRDA:67,5,1,1
BRDA:79,6,0,1
BRDA:79,6,1,2
BRF:14
BRH:12
end_of_record
TN:
SF:/Users/brittanybolstad/codefellows/401/whiteboard/data-structures-and-algorithms/stacks-and-queues/10-stacks-and-queques/lib/10-stacks-and-queues.js
FN:4,(anonymous_0)
FN:11,(anonymous_1)
FN:15,(anonymous_2)
FN:26,(anonymous_3)
FN:40,(anonymous_4)
FN:54,(anonymous_5)
FN:72,(anonymous_6)
FN:77,(anonymous_7)
FN:89,(anonymous_8)
FN:104,(anonymous_9)
FN:118,(anonymous_10)
FNF:11
FNH:11
FNDA:32,(anonymous_0)
FNDA:11,(anonymous_1)
FNDA:16,(anonymous_2)
FNDA:3,(anonymous_3)
FNDA:3,(anonymous_4)
FNDA:3,(anonymous_5)
FNDA:10,(anonymous_6)
FNDA:16,(anonymous_7)
FNDA:1,(anonymous_8)
FNDA:3,(anonymous_9)
FNDA:3,(anonymous_10)
DA:5,32
DA:12,11
DA:16,16
DA:17,16
DA:18,8
DA:19,8
DA:21,8
DA:22,8
DA:23,8
DA:27,3
DA:28,1
DA:30,2
DA:31,1
DA:32,1
DA:33,1
DA:35,1
DA:36,1
DA:37,1
DA:41,3
DA:42,3
DA:43,1
DA:45,2
DA:46,2
DA:47,2
DA:49,2
DA:51,2
DA:55,3
DA:57,3
DA:58,1
DA:60,2
DA:62,2
DA:63,5
DA:65,2
DA:73,10
DA:74,10
DA:78,16
DA:79,16
DA:80,7
DA:81,7
DA:82,7
DA:84,9
DA:85,9
DA:86,9
DA:90,1
DA:91,0
DA:93,1
DA:94,0
DA:95,0
DA:96,0
DA:97,0
DA:99,1
DA:100,1
DA:101,1
DA:105,3
DA:106,3
DA:107,1
DA:109,2
DA:110,2
DA:111,2
DA:113,2
DA:115,2
DA:119,3
DA:121,3
DA:122,1
DA:124,2
DA:125,2
DA:128,2
DA:129,5
DA:130,5
DA:132,2
DA:139,1
LF:71
LH:66
BRDA:17,0,0,8
BRDA:17,0,1,8
BRDA:27,1,0,1
BRDA:27,1,1,2
BRDA:30,2,0,1
BRDA:30,2,1,1
BRDA:42,3,0,1
BRDA:42,3,1,2
BRDA:57,4,0,1
BRDA:57,4,1,2
BRDA:79,5,0,7
BRDA:79,5,1,9
BRDA:90,6,0,0
BRDA:90,6,1,1
BRDA:93,7,0,0
BRDA:93,7,1,1
BRDA:106,8,0,1
BRDA:106,8,1,2
BRDA:121,9,0,1
BRDA:121,9,1,2
BRF:20
BRH:18
end_of_record
