TN:
SF:/Users/brittanybolstad/codefellows/401/whiteboard/data-structures-and-algorithms/arrays/array_reverse/lib/array_reverse.js
FN:2,reverseArray
FNF:1
FNH:1
FNDA:1,reverseArray
DA:3,1
DA:4,1
DA:5,6
DA:7,1
DA:10,1
LF:5
LH:5
BRF:0
BRH:0
end_of_record
TN:
SF:/Users/brittanybolstad/codefellows/401/whiteboard/data-structures-and-algorithms/arrays/array_shift/lib/array_shift.js
FN:5,(anonymous_0)
FNF:1
FNH:1
FNDA:2,(anonymous_0)
DA:3,1
DA:5,1
DA:6,2
DA:7,2
DA:9,2
DA:10,11
DA:11,5
DA:13,11
DA:14,2
DA:16,9
DA:17,4
DA:20,2
LF:12
LH:12
BRDA:10,0,0,5
BRDA:10,0,1,6
BRDA:13,1,0,2
BRDA:13,1,1,9
BRDA:16,2,0,4
BRDA:16,2,1,5
BRF:6
BRH:6
end_of_record
TN:
SF:/Users/brittanybolstad/codefellows/401/whiteboard/data-structures-and-algorithms/linked-lists/lab-5-linked-lists/lib/05-linked-list.js
FN:4,(anonymous_0)
FN:11,(anonymous_1)
FN:15,(anonymous_2)
FN:28,(anonymous_3)
FN:40,(anonymous_4)
FN:59,(anonymous_5)
FN:77,(anonymous_6)
FNF:7
FNH:7
FNDA:25,(anonymous_0)
FNDA:13,(anonymous_1)
FNDA:23,(anonymous_2)
FNDA:2,(anonymous_3)
FNDA:2,(anonymous_4)
FNDA:2,(anonymous_5)
FNDA:3,(anonymous_6)
DA:5,25
DA:6,25
DA:12,13
DA:16,23
DA:17,10
DA:19,13
DA:20,13
DA:21,9
DA:23,13
DA:29,2
DA:30,2
DA:31,1
DA:33,1
DA:34,1
DA:41,2
DA:42,1
DA:45,1
DA:46,1
DA:47,1
DA:48,2
DA:49,2
DA:50,2
DA:51,2
DA:53,1
DA:54,1
DA:60,2
DA:61,2
DA:62,2
DA:63,1
DA:64,2
DA:65,2
DA:66,2
DA:67,0
DA:68,2
DA:69,1
DA:71,1
DA:78,3
DA:79,3
DA:80,3
DA:81,1
DA:83,2
DA:84,1
DA:85,1
DA:87,2
DA:89,2
DA:95,1
LF:46
LH:45
BRDA:16,0,0,10
BRDA:16,0,1,13
BRDA:30,1,0,1
BRDA:30,1,1,1
BRDA:41,2,0,1
BRDA:41,2,1,1
BRDA:62,3,0,1
BRDA:62,3,1,1
BRDA:66,4,0,0
BRDA:66,4,1,2
BRDA:68,5,0,1
BRDA:68,5,1,1
BRDA:80,6,0,1
BRDA:80,6,1,2
BRF:14
BRH:13
end_of_record
